<?xml version="1.0" encoding="UTF-8"?>
<testng-results skipped="0" failed="0" total="1" passed="1">
  <reporter-output>
  </reporter-output>
  <suite name="Default suite" duration-ms="20365" started-at="2020-07-26T19:25:34Z" finished-at="2020-07-26T19:25:55Z">
    <groups>
    </groups>
    <test name="Default test" duration-ms="20365" started-at="2020-07-26T19:25:34Z" finished-at="2020-07-26T19:25:55Z">
      <class name="pcShopping.pcShopping_SS1">
        <test-method status="PASS" signature="pcShopping_SS1_positiveAction()[pri:0, instance:pcShopping.pcShopping_SS1@4466af20]" name="pcShopping_SS1_positiveAction" duration-ms="20354" started-at="2020-07-27T00:55:34Z" finished-at="2020-07-27T00:55:55Z">
          <reporter-output>
          </reporter-output>
        </test-method> <!-- pcShopping_SS1_positiveAction -->
      </class> <!-- pcShopping.pcShopping_SS1 -->
    </test> <!-- Default test -->
  </suite> <!-- Default suite -->
</testng-results>
